<?xml version="1.0" encoding="UTF-8"?>
<testsuite name="Find A Dealer" tests="1" errors="0" failures="1" skipped="0" time="103.296" timestamp="2022-09-22T15:54:19.418000">
<testcase classname="Find A Dealer" name="Dealer Search Should Contain All Valid Countries" time="61.813">
<failure message="Variable '${TEST_STATUS}' not found. Did you mean:&#10;    ${PREV_TEST_STATUS}" type="AssertionError"/>
</testcase>
<properties>
<property name="Documentation" value="Test suite for Dealer Search"/>
</properties>
</testsuite>
